<?xml version="1.0" encoding="UTF-8"?>
<testng-results ignored="0" total="1" passed="1" failed="0" skipped="0">
  <reporter-output>
  </reporter-output>
  <suite started-at="2022-08-25T11:23:14Z" name="Suite" finished-at="2022-08-25T11:23:26Z" duration-ms="12110">
    <groups>
    </groups>
    <test started-at="2022-08-25T11:23:14Z" name="Test" finished-at="2022-08-25T11:23:26Z" duration-ms="12110">
      <class name="com.OrangeHRM.TestCases.OrgangeHRM">
        <test-method is-config="true" signature="startReport()[pri:0, instance:com.OrangeHRM.TestCases.OrgangeHRM@2898ac89]" started-at="2022-08-25T11:23:14Z" name="startReport" finished-at="2022-08-25T11:23:14Z" duration-ms="303" status="PASS">
          <reporter-output>
          </reporter-output>
        </test-method> <!-- startReport -->
        <test-method is-config="true" signature="testinputs()[pri:0, instance:com.OrangeHRM.TestCases.OrgangeHRM@2898ac89]" started-at="2022-08-25T11:23:14Z" name="testinputs" finished-at="2022-08-25T11:23:14Z" duration-ms="1" status="PASS">
          <reporter-output>
          </reporter-output>
        </test-method> <!-- testinputs -->
        <test-method is-config="true" signature="report()[pri:0, instance:com.OrangeHRM.TestCases.OrgangeHRM@2898ac89]" started-at="2022-08-25T11:23:14Z" name="report" finished-at="2022-08-25T11:23:14Z" duration-ms="11" status="PASS">
          <reporter-output>
          </reporter-output>
        </test-method> <!-- report -->
        <test-method is-config="true" signature="LaunchApp()[pri:0, instance:com.OrangeHRM.TestCases.OrgangeHRM@2898ac89]" started-at="2022-08-25T11:23:15Z" name="LaunchApp" finished-at="2022-08-25T11:23:25Z" duration-ms="9886" status="PASS">
          <reporter-output>
          </reporter-output>
        </test-method> <!-- LaunchApp -->
        <test-method signature="loginHRM(java.lang.String, java.lang.String)[pri:0, instance:com.OrangeHRM.TestCases.OrgangeHRM@2898ac89]" started-at="2022-08-25T11:23:25Z" name="loginHRM" data-provider="getdata" finished-at="2022-08-25T11:23:26Z" duration-ms="1114" status="PASS">
          <params>
            <param index="0">
              <value>
                <![CDATA[Admin]]>
              </value>
            </param>
            <param index="1">
              <value>
                <![CDATA[admin123]]>
              </value>
            </param>
          </params>
          <reporter-output>
          </reporter-output>
        </test-method> <!-- loginHRM -->
        <test-method is-config="true" signature="teardown()[pri:0, instance:com.OrangeHRM.TestCases.OrgangeHRM@2898ac89]" started-at="2022-08-25T11:23:26Z" name="teardown" finished-at="2022-08-25T11:23:26Z" duration-ms="184" status="PASS">
          <reporter-output>
          </reporter-output>
        </test-method> <!-- teardown -->
        <test-method is-config="true" signature="stopReport()[pri:0, instance:com.OrangeHRM.TestCases.OrgangeHRM@2898ac89]" started-at="2022-08-25T11:23:26Z" name="stopReport" finished-at="2022-08-25T11:23:27Z" duration-ms="456" status="PASS">
          <reporter-output>
          </reporter-output>
        </test-method> <!-- stopReport -->
      </class> <!-- com.OrangeHRM.TestCases.OrgangeHRM -->
    </test> <!-- Test -->
  </suite> <!-- Suite -->
</testng-results>
